<?xml version="1.0" encoding="UTF-8"?>
<!-- Generated by org.testng.reporters.JUnitXMLReporter -->
<testsuite hostname="www-PC" ignored="0" name="Test" tests="4" failures="0" timestamp="2022-04-02T14:00:59 IST" time="177.324" errors="0">
  <testcase name="loginPage" time="20.86" classname="customer.CustomerRegister"/>
  <testcase name="addEmployee" time="62.098" classname="customer.CustomerRegister"/>
  <testcase name="customerRegister" time="47.061" classname="customer.CustomerRegister"/>
  <testcase name="customerRegister" time="46.469" classname="customer.CustomerRegister"/>
</testsuite> <!-- Test -->
