<?xml version="1.0" encoding="UTF-8"?>
<!-- Generated by org.testng.reporters.JUnitXMLReporter -->
<testsuite hostname="www-PC" ignored="0" tests="0" failures="0" timestamp="2022-03-08T14:23:35 IST" time="0.014" errors="0">
  <testcase name="@BeforeSuite setUp" time="0.065" classname="Medeilhq.MedeilLogin.Login">
    <failure type="java.lang.IllegalStateException" message="The driver executable is a directory: E:\MedeilAutomation\MedeilLogin">
      <![CDATA[java.lang.IllegalStateException: The driver executable is a directory: E:\MedeilAutomation\MedeilLogin
at com.google.common.base.Preconditions.checkState(Preconditions.java:585)
at org.openqa.selenium.remote.service.DriverService.checkExecutable(DriverService.java:148)
at org.openqa.selenium.remote.service.DriverService.findExecutable(DriverService.java:141)
at org.openqa.selenium.chrome.ChromeDriverService.access$000(ChromeDriverService.java:35)
at org.openqa.selenium.chrome.ChromeDriverService$Builder.findDefaultExecutable(ChromeDriverService.java:159)
at org.openqa.selenium.remote.service.DriverService$Builder.build(DriverService.java:355)
at org.openqa.selenium.chrome.ChromeDriverService.createDefaultService(ChromeDriverService.java:94)
at org.openqa.selenium.chrome.ChromeDriver.<init>(ChromeDriver.java:123)
at Medeilhq.MedeilLogin.Login.setUp(Login.java:12)
... Removed 19 stack frames]]>
    </failure>
  </testcase> <!-- @BeforeSuite setUp -->
</testsuite>
